#
# There is insufficient memory for the Java Runtime Environment to continue.
# Native memory allocation (malloc) failed to allocate 485248 bytes for Chunk::new
# Possible reasons:
#   The system is out of physical RAM or swap space
#   The process is running with CompressedOops enabled, and the Java Heap may be blocking the growth of the native heap
# Possible solutions:
#   Reduce memory load on the system
#   Increase physical memory or swap space
#   Check if swap backing store is full
#   Decrease Java heap size (-Xmx/-Xms)
#   Decrease number of Java threads
#   Decrease Java thread stack sizes (-Xss)
#   Set larger code cache with -XX:ReservedCodeCacheSize=
#   JVM is running with Unscaled Compressed Oops mode in which the Java heap is
#     placed in the first 4GB address space. The Java Heap base address is the
#     maximum limit for the native heap growth. Please use -XX:HeapBaseMinAddress
#     to set the Java Heap base and to place the Java Heap above 4GB virtual address.
# This output file may be truncated or incomplete.
#
#  Out of Memory Error (arena.cpp:189), pid=8740, tid=9816
#
# JRE version: Java(TM) SE Runtime Environment (17.0.2+8) (build 17.0.2+8-LTS-86)
# Java VM: Java HotSpot(TM) 64-Bit Server VM (17.0.2+8-LTS-86, mixed mode, sharing, tiered, compressed oops, compressed class ptrs, g1 gc, windows-amd64)
# No core dump will be written. Minidumps are not enabled by default on client versions of Windows
#

---------------  S U M M A R Y ------------

Command Line: -Dfile.encoding=UTF-8 --module-path=D:\document\NetBeansProjects\SanPhamAgile\build\classes view.DangNhap

Host: Intel(R) Core(TM) i5-4300U CPU @ 1.90GHz, 4 cores, 7G,  Windows 10 , 64 bit Build 19041 (10.0.19041.1806)
Time: Sun Jul 31 13:04:18 2022 SE Asia Standard Time elapsed time: 0.882828 seconds (0d 0h 0m 0s)

---------------  T H R E A D  ---------------

Current thread (0x000001658426dd30):  JavaThread "C2 CompilerThread1" daemon [_thread_in_native, id=9816, stack(0x0000003549200000,0x0000003549300000)]


Current CompileTask:
C2:    882 1039       4       java.lang.String::<init> (830 bytes)

Stack: [0x0000003549200000,0x0000003549300000]
Native frames: (J=compiled Java code, j=interpreted, Vv=VM code, C=native code)
V  [jvm.dll+0x670baa]
V  [jvm.dll+0x7cfcb4]
V  [jvm.dll+0x7d145e]
V  [jvm.dll+0x7d1ac3]
V  [jvm.dll+0x242bc5]
V  [jvm.dll+0xaa57b]
V  [jvm.dll+0xaab0c]
V  [jvm.dll+0x35fd07]
V  [jvm.dll+0x32a331]
V  [jvm.dll+0x3297da]
V  [jvm.dll+0x215c91]
V  [jvm.dll+0x2150b1]
V  [jvm.dll+0x1a1bbd]
V  [jvm.dll+0x224908]
V  [jvm.dll+0x222a6c]
V  [jvm.dll+0x7859bb]
V  [jvm.dll+0x77ff7a]
V  [jvm.dll+0x66fa35]
C  [ucrtbase.dll+0x21bb2]
C  [KERNEL32.DLL+0x17034]
C  [ntdll.dll+0x52651]


---------------  P R O C E S S  ---------------

Threads class SMR info:
_java_thread_list=0x0000016584218340, length=18, elements={
0x00000165fe933bd0, 0x00000165fe9350f0, 0x00000165fe946120, 0x00000165fe9469e0,
0x00000165fe947a40, 0x00000165fe94a310, 0x00000165fe94f340, 0x00000165fe952420,
0x00000165fe964420, 0x00000165ff44e090, 0x00000165ff4ee350, 0x00000165ff6b13a0,
0x00000165ff694f70, 0x00000165ff695440, 0x00000165ff7492b0, 0x00000165e50bc550,
0x0000016584019430, 0x000001658426dd30
}

Java Threads: ( => current thread )
  0x00000165fe933bd0 JavaThread "Reference Handler" daemon [_thread_blocked, id=7608, stack(0x0000003547e00000,0x0000003547f00000)]
  0x00000165fe9350f0 JavaThread "Finalizer" daemon [_thread_blocked, id=12044, stack(0x0000003547f00000,0x0000003548000000)]
  0x00000165fe946120 JavaThread "Signal Dispatcher" daemon [_thread_blocked, id=6408, stack(0x0000003548000000,0x0000003548100000)]
  0x00000165fe9469e0 JavaThread "Attach Listener" daemon [_thread_blocked, id=4996, stack(0x0000003548100000,0x0000003548200000)]
  0x00000165fe947a40 JavaThread "Service Thread" daemon [_thread_blocked, id=11732, stack(0x0000003548200000,0x0000003548300000)]
  0x00000165fe94a310 JavaThread "Monitor Deflation Thread" daemon [_thread_blocked, id=11652, stack(0x0000003548300000,0x0000003548400000)]
  0x00000165fe94f340 JavaThread "C2 CompilerThread0" daemon [_thread_in_native, id=1620, stack(0x0000003548400000,0x0000003548500000)]
  0x00000165fe952420 JavaThread "C1 CompilerThread0" daemon [_thread_blocked, id=6640, stack(0x0000003548500000,0x0000003548600000)]
  0x00000165fe964420 JavaThread "Sweeper thread" daemon [_thread_blocked, id=11176, stack(0x0000003548600000,0x0000003548700000)]
  0x00000165ff44e090 JavaThread "Common-Cleaner" daemon [_thread_blocked, id=7444, stack(0x0000003548700000,0x0000003548800000)]
  0x00000165ff4ee350 JavaThread "Notification Thread" daemon [_thread_blocked, id=11808, stack(0x0000003548800000,0x0000003548900000)]
  0x00000165ff6b13a0 JavaThread "Java2D Disposer" daemon [_thread_blocked, id=3816, stack(0x0000003548a00000,0x0000003548b00000)]
  0x00000165ff694f70 JavaThread "AWT-Shutdown" [_thread_blocked, id=6664, stack(0x0000003548b00000,0x0000003548c00000)]
  0x00000165ff695440 JavaThread "AWT-Windows" daemon [_thread_in_native, id=10544, stack(0x0000003548c00000,0x0000003548d00000)]
  0x00000165ff7492b0 JavaThread "AWT-EventQueue-0" [_thread_in_vm, id=11356, stack(0x0000003548d00000,0x0000003548e00000)]
  0x00000165e50bc550 JavaThread "DestroyJavaVM" [_thread_blocked, id=1532, stack(0x0000003547700000,0x0000003547800000)]
  0x0000016584019430 JavaThread "TimerQueue" daemon [_thread_blocked, id=11504, stack(0x0000003548e00000,0x0000003548f00000)]
=>0x000001658426dd30 JavaThread "C2 CompilerThread1" daemon [_thread_in_native, id=9816, stack(0x0000003549200000,0x0000003549300000)]

Other Threads:
  0x00000165fe92b500 VMThread "VM Thread" [stack: 0x0000003547d00000,0x0000003547e00000] [id=7508]
  0x00000165ff4ee820 WatcherThread [stack: 0x0000003548900000,0x0000003548a00000] [id=10792]
  0x00000165e50fa200 GCTaskThread "GC Thread#0" [stack: 0x0000003547800000,0x0000003547900000] [id=3720]
  0x00000165e510c1a0 ConcurrentGCThread "G1 Main Marker" [stack: 0x0000003547900000,0x0000003547a00000] [id=7364]
  0x00000165e510e270 ConcurrentGCThread "G1 Conc#0" [stack: 0x0000003547a00000,0x0000003547b00000] [id=3836]
  0x00000165e51847f0 ConcurrentGCThread "G1 Refine#0" [stack: 0x0000003547b00000,0x0000003547c00000] [id=7192]
  0x00000165e5185120 ConcurrentGCThread "G1 Service" [stack: 0x0000003547c00000,0x0000003547d00000] [id=11536]

Threads with active compile tasks:
C2 CompilerThread0      902 1038   !   4       java.util.jar.Attributes::read (494 bytes)
C2 CompilerThread1      902 1039       4       java.lang.String::<init> (830 bytes)

VM state: not at safepoint (normal execution)

VM Mutex/Monitor currently owned by a thread: None

Heap address: 0x0000000081600000, size: 2026 MB, Compressed Oops mode: 32-bit

CDS archive(s) mapped at: [0x0000000800000000-0x0000000800bc0000-0x0000000800bc0000), size 12320768, SharedBaseAddress: 0x0000000800000000, ArchiveRelocationMode: 0.
Compressed class space mapped at: 0x0000000800c00000-0x0000000840c00000, reserved size: 1073741824
Narrow klass base: 0x0000000800000000, Narrow klass shift: 0, Narrow klass range: 0x100000000

GC Precious Log:
 CPUs: 4 total, 4 available
 Memory: 8097M
 Large Page Support: Disabled
 NUMA Support: Disabled
 Compressed Oops: Enabled (32-bit)
 Heap Region Size: 1M
 Heap Min Capacity: 8M
 Heap Initial Capacity: 128M
 Heap Max Capacity: 2026M
 Pre-touch: Disabled
 Parallel Workers: 4
 Concurrent Workers: 1
 Concurrent Refinement Workers: 4
 Periodic GC: Disabled

Heap:
 garbage-first heap   total 131072K, used 11264K [0x0000000081600000, 0x0000000100000000)
  region size 1024K, 12 young (12288K), 0 survivors (0K)
 Metaspace       used 11274K, committed 11456K, reserved 1064960K
  class space    used 1275K, committed 1344K, reserved 1048576K

Heap Regions: E=young(eden), S=young(survivor), O=old, HS=humongous(starts), HC=humongous(continues), CS=collection set, F=free, OA=open archive, CA=closed archive, TAMS=top-at-mark-start (previous, next)
|   0|0x0000000081600000, 0x0000000081600000, 0x0000000081700000|  0%| F|  |TAMS 0x0000000081600000, 0x0000000081600000| Untracked 
|   1|0x0000000081700000, 0x0000000081700000, 0x0000000081800000|  0%| F|  |TAMS 0x0000000081700000, 0x0000000081700000| Untracked 
|   2|0x0000000081800000, 0x0000000081800000, 0x0000000081900000|  0%| F|  |TAMS 0x0000000081800000, 0x0000000081800000| Untracked 
|   3|0x0000000081900000, 0x0000000081900000, 0x0000000081a00000|  0%| F|  |TAMS 0x0000000081900000, 0x0000000081900000| Untracked 
|   4|0x0000000081a00000, 0x0000000081a00000, 0x0000000081b00000|  0%| F|  |TAMS 0x0000000081a00000, 0x0000000081a00000| Untracked 
|   5|0x0000000081b00000, 0x0000000081b00000, 0x0000000081c00000|  0%| F|  |TAMS 0x0000000081b00000, 0x0000000081b00000| Untracked 
|   6|0x0000000081c00000, 0x0000000081c00000, 0x0000000081d00000|  0%| F|  |TAMS 0x0000000081c00000, 0x0000000081c00000| Untracked 
|   7|0x0000000081d00000, 0x0000000081d00000, 0x0000000081e00000|  0%| F|  |TAMS 0x0000000081d00000, 0x0000000081d00000| Untracked 
|   8|0x0000000081e00000, 0x0000000081e00000, 0x0000000081f00000|  0%| F|  |TAMS 0x0000000081e00000, 0x0000000081e00000| Untracked 
|   9|0x0000000081f00000, 0x0000000081f00000, 0x0000000082000000|  0%| F|  |TAMS 0x0000000081f00000, 0x0000000081f00000| Untracked 
|  10|0x0000000082000000, 0x0000000082000000, 0x0000000082100000|  0%| F|  |TAMS 0x0000000082000000, 0x0000000082000000| Untracked 
|  11|0x0000000082100000, 0x0000000082100000, 0x0000000082200000|  0%| F|  |TAMS 0x0000000082100000, 0x0000000082100000| Untracked 
|  12|0x0000000082200000, 0x0000000082200000, 0x0000000082300000|  0%| F|  |TAMS 0x0000000082200000, 0x0000000082200000| Untracked 
|  13|0x0000000082300000, 0x0000000082300000, 0x0000000082400000|  0%| F|  |TAMS 0x0000000082300000, 0x0000000082300000| Untracked 
|  14|0x0000000082400000, 0x0000000082400000, 0x0000000082500000|  0%| F|  |TAMS 0x0000000082400000, 0x0000000082400000| Untracked 
|  15|0x0000000082500000, 0x0000000082500000, 0x0000000082600000|  0%| F|  |TAMS 0x0000000082500000, 0x0000000082500000| Untracked 
|  16|0x0000000082600000, 0x0000000082600000, 0x0000000082700000|  0%| F|  |TAMS 0x0000000082600000, 0x0000000082600000| Untracked 
|  17|0x0000000082700000, 0x0000000082700000, 0x0000000082800000|  0%| F|  |TAMS 0x0000000082700000, 0x0000000082700000| Untracked 
|  18|0x0000000082800000, 0x0000000082800000, 0x0000000082900000|  0%| F|  |TAMS 0x0000000082800000, 0x0000000082800000| Untracked 
|  19|0x0000000082900000, 0x0000000082900000, 0x0000000082a00000|  0%| F|  |TAMS 0x0000000082900000, 0x0000000082900000| Untracked 
|  20|0x0000000082a00000, 0x0000000082a00000, 0x0000000082b00000|  0%| F|  |TAMS 0x0000000082a00000, 0x0000000082a00000| Untracked 
|  21|0x0000000082b00000, 0x0000000082b00000, 0x0000000082c00000|  0%| F|  |TAMS 0x0000000082b00000, 0x0000000082b00000| Untracked 
|  22|0x0000000082c00000, 0x0000000082c00000, 0x0000000082d00000|  0%| F|  |TAMS 0x0000000082c00000, 0x0000000082c00000| Untracked 
|  23|0x0000000082d00000, 0x0000000082d00000, 0x0000000082e00000|  0%| F|  |TAMS 0x0000000082d00000, 0x0000000082d00000| Untracked 
|  24|0x0000000082e00000, 0x0000000082e00000, 0x0000000082f00000|  0%| F|  |TAMS 0x0000000082e00000, 0x0000000082e00000| Untracked 
|  25|0x0000000082f00000, 0x0000000082f00000, 0x0000000083000000|  0%| F|  |TAMS 0x0000000082f00000, 0x0000000082f00000| Untracked 
|  26|0x0000000083000000, 0x0000000083000000, 0x0000000083100000|  0%| F|  |TAMS 0x0000000083000000, 0x0000000083000000| Untracked 
|  27|0x0000000083100000, 0x0000000083100000, 0x0000000083200000|  0%| F|  |TAMS 0x0000000083100000, 0x0000000083100000| Untracked 
|  28|0x0000000083200000, 0x0000000083200000, 0x0000000083300000|  0%| F|  |TAMS 0x0000000083200000, 0x0000000083200000| Untracked 
|  29|0x0000000083300000, 0x0000000083300000, 0x0000000083400000|  0%| F|  |TAMS 0x0000000083300000, 0x0000000083300000| Untracked 
|  30|0x0000000083400000, 0x0000000083400000, 0x0000000083500000|  0%| F|  |TAMS 0x0000000083400000, 0x0000000083400000| Untracked 
|  31|0x0000000083500000, 0x0000000083500000, 0x0000000083600000|  0%| F|  |TAMS 0x0000000083500000, 0x0000000083500000| Untracked 
|  32|0x0000000083600000, 0x0000000083600000, 0x0000000083700000|  0%| F|  |TAMS 0x0000000083600000, 0x0000000083600000| Untracked 
|  33|0x0000000083700000, 0x0000000083700000, 0x0000000083800000|  0%| F|  |TAMS 0x0000000083700000, 0x0000000083700000| Untracked 
|  34|0x0000000083800000, 0x0000000083800000, 0x0000000083900000|  0%| F|  |TAMS 0x0000000083800000, 0x0000000083800000| Untracked 
|  35|0x0000000083900000, 0x0000000083900000, 0x0000000083a00000|  0%| F|  |TAMS 0x0000000083900000, 0x0000000083900000| Untracked 
|  36|0x0000000083a00000, 0x0000000083a00000, 0x0000000083b00000|  0%| F|  |TAMS 0x0000000083a00000, 0x0000000083a00000| Untracked 
|  37|0x0000000083b00000, 0x0000000083b00000, 0x0000000083c00000|  0%| F|  |TAMS 0x0000000083b00000, 0x0000000083b00000| Untracked 
|  38|0x0000000083c00000, 0x0000000083c00000, 0x0000000083d00000|  0%| F|  |TAMS 0x0000000083c00000, 0x0000000083c00000| Untracked 
|  39|0x0000000083d00000, 0x0000000083d00000, 0x0000000083e00000|  0%| F|  |TAMS 0x0000000083d00000, 0x0000000083d00000| Untracked 
|  40|0x0000000083e00000, 0x0000000083e00000, 0x0000000083f00000|  0%| F|  |TAMS 0x0000000083e00000, 0x0000000083e00000| Untracked 
|  41|0x0000000083f00000, 0x0000000083f00000, 0x0000000084000000|  0%| F|  |TAMS 0x0000000083f00000, 0x0000000083f00000| Untracked 
|  42|0x0000000084000000, 0x0000000084000000, 0x0000000084100000|  0%| F|  |TAMS 0x0000000084000000, 0x0000000084000000| Untracked 
|  43|0x0000000084100000, 0x0000000084100000, 0x0000000084200000|  0%| F|  |TAMS 0x0000000084100000, 0x0000000084100000| Untracked 
|  44|0x0000000084200000, 0x0000000084200000, 0x0000000084300000|  0%| F|  |TAMS 0x0000000084200000, 0x0000000084200000| Untracked 
|  45|0x0000000084300000, 0x0000000084300000, 0x0000000084400000|  0%| F|  |TAMS 0x0000000084300000, 0x0000000084300000| Untracked 
|  46|0x0000000084400000, 0x0000000084400000, 0x0000000084500000|  0%| F|  |TAMS 0x0000000084400000, 0x0000000084400000| Untracked 
|  47|0x0000000084500000, 0x0000000084500000, 0x0000000084600000|  0%| F|  |TAMS 0x0000000084500000, 0x0000000084500000| Untracked 
|  48|0x0000000084600000, 0x0000000084600000, 0x0000000084700000|  0%| F|  |TAMS 0x0000000084600000, 0x0000000084600000| Untracked 
|  49|0x0000000084700000, 0x0000000084700000, 0x0000000084800000|  0%| F|  |TAMS 0x0000000084700000, 0x0000000084700000| Untracked 
|  50|0x0000000084800000, 0x0000000084800000, 0x0000000084900000|  0%| F|  |TAMS 0x0000000084800000, 0x0000000084800000| Untracked 
|  51|0x0000000084900000, 0x0000000084900000, 0x0000000084a00000|  0%| F|  |TAMS 0x0000000084900000, 0x0000000084900000| Untracked 
|  52|0x0000000084a00000, 0x0000000084a00000, 0x0000000084b00000|  0%| F|  |TAMS 0x0000000084a00000, 0x0000000084a00000| Untracked 
|  53|0x0000000084b00000, 0x0000000084b00000, 0x0000000084c00000|  0%| F|  |TAMS 0x0000000084b00000, 0x0000000084b00000| Untracked 
|  54|0x0000000084c00000, 0x0000000084c00000, 0x0000000084d00000|  0%| F|  |TAMS 0x0000000084c00000, 0x0000000084c00000| Untracked 
|  55|0x0000000084d00000, 0x0000000084d00000, 0x0000000084e00000|  0%| F|  |TAMS 0x0000000084d00000, 0x0000000084d00000| Untracked 
|  56|0x0000000084e00000, 0x0000000084e00000, 0x0000000084f00000|  0%| F|  |TAMS 0x0000000084e00000, 0x0000000084e00000| Untracked 
|  57|0x0000000084f00000, 0x0000000084f00000, 0x0000000085000000|  0%| F|  |TAMS 0x0000000084f00000, 0x0000000084f00000| Untracked 
|  58|0x0000000085000000, 0x0000000085000000, 0x0000000085100000|  0%| F|  |TAMS 0x0000000085000000, 0x0000000085000000| Untracked 
|  59|0x0000000085100000, 0x0000000085100000, 0x0000000085200000|  0%| F|  |TAMS 0x0000000085100000, 0x0000000085100000| Untracked 
|  60|0x0000000085200000, 0x0000000085200000, 0x0000000085300000|  0%| F|  |TAMS 0x0000000085200000, 0x0000000085200000| Untracked 
|  61|0x0000000085300000, 0x0000000085300000, 0x0000000085400000|  0%| F|  |TAMS 0x0000000085300000, 0x0000000085300000| Untracked 
|  62|0x0000000085400000, 0x0000000085400000, 0x0000000085500000|  0%| F|  |TAMS 0x0000000085400000, 0x0000000085400000| Untracked 
|  63|0x0000000085500000, 0x0000000085500000, 0x0000000085600000|  0%| F|  |TAMS 0x0000000085500000, 0x0000000085500000| Untracked 
|  64|0x0000000085600000, 0x0000000085600000, 0x0000000085700000|  0%| F|  |TAMS 0x0000000085600000, 0x0000000085600000| Untracked 
|  65|0x0000000085700000, 0x0000000085700000, 0x0000000085800000|  0%| F|  |TAMS 0x0000000085700000, 0x0000000085700000| Untracked 
|  66|0x0000000085800000, 0x0000000085800000, 0x0000000085900000|  0%| F|  |TAMS 0x0000000085800000, 0x0000000085800000| Untracked 
|  67|0x0000000085900000, 0x0000000085900000, 0x0000000085a00000|  0%| F|  |TAMS 0x0000000085900000, 0x0000000085900000| Untracked 
|  68|0x0000000085a00000, 0x0000000085a00000, 0x0000000085b00000|  0%| F|  |TAMS 0x0000000085a00000, 0x0000000085a00000| Untracked 
|  69|0x0000000085b00000, 0x0000000085b00000, 0x0000000085c00000|  0%| F|  |TAMS 0x0000000085b00000, 0x0000000085b00000| Untracked 
|  70|0x0000000085c00000, 0x0000000085c00000, 0x0000000085d00000|  0%| F|  |TAMS 0x0000000085c00000, 0x0000000085c00000| Untracked 
|  71|0x0000000085d00000, 0x0000000085d00000, 0x0000000085e00000|  0%| F|  |TAMS 0x0000000085d00000, 0x0000000085d00000| Untracked 
|  72|0x0000000085e00000, 0x0000000085e00000, 0x0000000085f00000|  0%| F|  |TAMS 0x0000000085e00000, 0x0000000085e00000| Untracked 
|  73|0x0000000085f00000, 0x0000000085f00000, 0x0000000086000000|  0%| F|  |TAMS 0x0000000085f00000, 0x0000000085f00000| Untracked 
|  74|0x0000000086000000, 0x0000000086000000, 0x0000000086100000|  0%| F|  |TAMS 0x0000000086000000, 0x0000000086000000| Untracked 
|  75|0x0000000086100000, 0x0000000086100000, 0x0000000086200000|  0%| F|  |TAMS 0x0000000086100000, 0x0000000086100000| Untracked 
|  76|0x0000000086200000, 0x0000000086200000, 0x0000000086300000|  0%| F|  |TAMS 0x0000000086200000, 0x0000000086200000| Untracked 
|  77|0x0000000086300000, 0x0000000086300000, 0x0000000086400000|  0%| F|  |TAMS 0x0000000086300000, 0x0000000086300000| Untracked 
|  78|0x0000000086400000, 0x0000000086400000, 0x0000000086500000|  0%| F|  |TAMS 0x0000000086400000, 0x0000000086400000| Untracked 
|  79|0x0000000086500000, 0x0000000086500000, 0x0000000086600000|  0%| F|  |TAMS 0x0000000086500000, 0x0000000086500000| Untracked 
|  80|0x0000000086600000, 0x0000000086600000, 0x0000000086700000|  0%| F|  |TAMS 0x0000000086600000, 0x0000000086600000| Untracked 
|  81|0x0000000086700000, 0x0000000086700000, 0x0000000086800000|  0%| F|  |TAMS 0x0000000086700000, 0x0000000086700000| Untracked 
|  82|0x0000000086800000, 0x0000000086800000, 0x0000000086900000|  0%| F|  |TAMS 0x0000000086800000, 0x0000000086800000| Untracked 
|  83|0x0000000086900000, 0x0000000086900000, 0x0000000086a00000|  0%| F|  |TAMS 0x0000000086900000, 0x0000000086900000| Untracked 
|  84|0x0000000086a00000, 0x0000000086a00000, 0x0000000086b00000|  0%| F|  |TAMS 0x0000000086a00000, 0x0000000086a00000| Untracked 
|  85|0x0000000086b00000, 0x0000000086b00000, 0x0000000086c00000|  0%| F|  |TAMS 0x0000000086b00000, 0x0000000086b00000| Untracked 
|  86|0x0000000086c00000, 0x0000000086c00000, 0x0000000086d00000|  0%| F|  |TAMS 0x0000000086c00000, 0x0000000086c00000| Untracked 
|  87|0x0000000086d00000, 0x0000000086d00000, 0x0000000086e00000|  0%| F|  |TAMS 0x0000000086d00000, 0x0000000086d00000| Untracked 
|  88|0x0000000086e00000, 0x0000000086e00000, 0x0000000086f00000|  0%| F|  |TAMS 0x0000000086e00000, 0x0000000086e00000| Untracked 
|  89|0x0000000086f00000, 0x0000000086f00000, 0x0000000087000000|  0%| F|  |TAMS 0x0000000086f00000, 0x0000000086f00000| Untracked 
|  90|0x0000000087000000, 0x0000000087000000, 0x0000000087100000|  0%| F|  |TAMS 0x0000000087000000, 0x0000000087000000| Untracked 
|  91|0x0000000087100000, 0x0000000087100000, 0x0000000087200000|  0%| F|  |TAMS 0x0000000087100000, 0x0000000087100000| Untracked 
|  92|0x0000000087200000, 0x0000000087200000, 0x0000000087300000|  0%| F|  |TAMS 0x0000000087200000, 0x0000000087200000| Untracked 
|  93|0x0000000087300000, 0x0000000087300000, 0x0000000087400000|  0%| F|  |TAMS 0x0000000087300000, 0x0000000087300000| Untracked 
|  94|0x0000000087400000, 0x0000000087400000, 0x0000000087500000|  0%| F|  |TAMS 0x0000000087400000, 0x0000000087400000| Untracked 
|  95|0x0000000087500000, 0x0000000087500000, 0x0000000087600000|  0%| F|  |TAMS 0x0000000087500000, 0x0000000087500000| Untracked 
|  96|0x0000000087600000, 0x0000000087600000, 0x0000000087700000|  0%| F|  |TAMS 0x0000000087600000, 0x0000000087600000| Untracked 
|  97|0x0000000087700000, 0x0000000087700000, 0x0000000087800000|  0%| F|  |TAMS 0x0000000087700000, 0x0000000087700000| Untracked 
|  98|0x0000000087800000, 0x0000000087800000, 0x0000000087900000|  0%| F|  |TAMS 0x0000000087800000, 0x0000000087800000| Untracked 
|  99|0x0000000087900000, 0x0000000087900000, 0x0000000087a00000|  0%| F|  |TAMS 0x0000000087900000, 0x0000000087900000| Untracked 
| 100|0x0000000087a00000, 0x0000000087a00000, 0x0000000087b00000|  0%| F|  |TAMS 0x0000000087a00000, 0x0000000087a00000| Untracked 
| 101|0x0000000087b00000, 0x0000000087b00000, 0x0000000087c00000|  0%| F|  |TAMS 0x0000000087b00000, 0x0000000087b00000| Untracked 
| 102|0x0000000087c00000, 0x0000000087c00000, 0x0000000087d00000|  0%| F|  |TAMS 0x0000000087c00000, 0x0000000087c00000| Untracked 
| 103|0x0000000087d00000, 0x0000000087d00000, 0x0000000087e00000|  0%| F|  |TAMS 0x0000000087d00000, 0x0000000087d00000| Untracked 
| 104|0x0000000087e00000, 0x0000000087e00000, 0x0000000087f00000|  0%| F|  |TAMS 0x0000000087e00000, 0x0000000087e00000| Untracked 
| 105|0x0000000087f00000, 0x0000000087f00000, 0x0000000088000000|  0%| F|  |TAMS 0x0000000087f00000, 0x0000000087f00000| Untracked 
| 106|0x0000000088000000, 0x0000000088000000, 0x0000000088100000|  0%| F|  |TAMS 0x0000000088000000, 0x0000000088000000| Untracked 
| 107|0x0000000088100000, 0x0000000088100000, 0x0000000088200000|  0%| F|  |TAMS 0x0000000088100000, 0x0000000088100000| Untracked 
| 108|0x0000000088200000, 0x0000000088200000, 0x0000000088300000|  0%| F|  |TAMS 0x0000000088200000, 0x0000000088200000| Untracked 
| 109|0x0000000088300000, 0x0000000088300000, 0x0000000088400000|  0%| F|  |TAMS 0x0000000088300000, 0x0000000088300000| Untracked 
| 110|0x0000000088400000, 0x0000000088400000, 0x0000000088500000|  0%| F|  |TAMS 0x0000000088400000, 0x0000000088400000| Untracked 
| 111|0x0000000088500000, 0x0000000088500000, 0x0000000088600000|  0%| F|  |TAMS 0x0000000088500000, 0x0000000088500000| Untracked 
| 112|0x0000000088600000, 0x0000000088600000, 0x0000000088700000|  0%| F|  |TAMS 0x0000000088600000, 0x0000000088600000| Untracked 
| 113|0x0000000088700000, 0x0000000088700000, 0x0000000088800000|  0%| F|  |TAMS 0x0000000088700000, 0x0000000088700000| Untracked 
| 114|0x0000000088800000, 0x0000000088800000, 0x0000000088900000|  0%| F|  |TAMS 0x0000000088800000, 0x0000000088800000| Untracked 
| 115|0x0000000088900000, 0x0000000088900000, 0x0000000088a00000|  0%| F|  |TAMS 0x0000000088900000, 0x0000000088900000| Untracked 
| 116|0x0000000088a00000, 0x0000000088ac8840, 0x0000000088b00000| 78%| E|  |TAMS 0x0000000088a00000, 0x0000000088a00000| Complete 
| 117|0x0000000088b00000, 0x0000000088c00000, 0x0000000088c00000|100%| E|CS|TAMS 0x0000000088b00000, 0x0000000088b00000| Complete 
| 118|0x0000000088c00000, 0x0000000088d00000, 0x0000000088d00000|100%| E|CS|TAMS 0x0000000088c00000, 0x0000000088c00000| Complete 
| 119|0x0000000088d00000, 0x0000000088e00000, 0x0000000088e00000|100%| E|CS|TAMS 0x0000000088d00000, 0x0000000088d00000| Complete 
| 120|0x0000000088e00000, 0x0000000088f00000, 0x0000000088f00000|100%| E|CS|TAMS 0x0000000088e00000, 0x0000000088e00000| Complete 
| 121|0x0000000088f00000, 0x0000000089000000, 0x0000000089000000|100%| E|CS|TAMS 0x0000000088f00000, 0x0000000088f00000| Complete 
| 122|0x0000000089000000, 0x0000000089100000, 0x0000000089100000|100%| E|CS|TAMS 0x0000000089000000, 0x0000000089000000| Complete 
| 123|0x0000000089100000, 0x0000000089200000, 0x0000000089200000|100%| E|CS|TAMS 0x0000000089100000, 0x0000000089100000| Complete 
| 124|0x0000000089200000, 0x0000000089300000, 0x0000000089300000|100%| E|CS|TAMS 0x0000000089200000, 0x0000000089200000| Complete 
| 125|0x0000000089300000, 0x0000000089400000, 0x0000000089400000|100%| E|CS|TAMS 0x0000000089300000, 0x0000000089300000| Complete 
| 126|0x0000000089400000, 0x0000000089500000, 0x0000000089500000|100%| E|CS|TAMS 0x0000000089400000, 0x0000000089400000| Complete 
| 127|0x0000000089500000, 0x0000000089600000, 0x0000000089600000|100%| E|CS|TAMS 0x0000000089500000, 0x0000000089500000| Complete 

Card table byte_map: [0x00000165fbd20000,0x00000165fc120000] _byte_map_base: 0x00000165fb915000

Marking Bits (Prev, Next): (CMBitMap*) 0x00000165e50fbb30, (CMBitMap*) 0x00000165e50fbb70
 Prev Bits: [0x00000165fc520000, 0x00000165fe4c8000)
 Next Bits: [0x0000016580000000, 0x0000016581fa8000)

Polling page: 0x00000165e48a0000

Metaspace:

Usage:
  Non-class:      9.78 MB used.
      Class:      1.25 MB used.
       Both:     11.03 MB used.

Virtual space:
  Non-class space:       16.00 MB reserved,       9.88 MB ( 62%) committed,  2 nodes.
      Class space:        1.00 GB reserved,       1.31 MB ( <1%) committed,  1 nodes.
             Both:        1.02 GB reserved,      11.19 MB (  1%) committed. 

Chunk freelists:
   Non-Class:  2.00 MB
       Class:  2.69 MB
        Both:  4.69 MB

MaxMetaspaceSize: unlimited
CompressedClassSpaceSize: 1.00 GB
Initial GC threshold: 21.00 MB
Current GC threshold: 21.00 MB
CDS: on
MetaspaceReclaimPolicy: balanced
 - commit_granule_bytes: 65536.
 - commit_granule_words: 8192.
 - virtual_space_node_default_size: 1048576.
 - enlarge_chunks_in_place: 1.
 - new_chunks_are_fully_committed: 0.
 - uncommit_free_chunks: 1.
 - use_allocation_guard: 0.
 - handle_deallocations: 1.


Internal statistics:

num_allocs_failed_limit: 0.
num_arena_births: 124.
num_arena_deaths: 0.
num_vsnodes_births: 3.
num_vsnodes_deaths: 0.
num_space_committed: 179.
num_space_uncommitted: 0.
num_chunks_returned_to_freelist: 0.
num_chunks_taken_from_freelist: 210.
num_chunk_merges: 0.
num_chunk_splits: 117.
num_chunks_enlarged: 48.
num_purges: 0.
num_inconsistent_stats: 0.

CodeHeap 'non-profiled nmethods': size=120000Kb used=314Kb max_used=314Kb free=119685Kb
 bounds [0x00000165f43f0000, 0x00000165f4660000, 0x00000165fb920000]
CodeHeap 'profiled nmethods': size=120000Kb used=1757Kb max_used=1757Kb free=118242Kb
 bounds [0x00000165ecec0000, 0x00000165ed130000, 0x00000165f43f0000]
CodeHeap 'non-nmethods': size=5760Kb used=1271Kb max_used=1287Kb free=4488Kb
 bounds [0x00000165ec920000, 0x00000165ecb90000, 0x00000165ecec0000]
 total_blobs=1661 nmethods=1065 adapters=509
 compilation: enabled
              stopped_count=0, restarted_count=0
 full_count=0

Compilation events (20 events):
Event: 0.863 Thread 0x00000165fe952420 1054       3       java.lang.CharacterDataLatin1::isJavaIdentifierPart (20 bytes)
Event: 0.864 Thread 0x00000165fe952420 nmethod 1054 0x00000165ed06fc10 code [0x00000165ed06fdc0, 0x00000165ed06ffd8]
Event: 0.864 Thread 0x00000165fe952420 1055       3       jdk.internal.loader.NativeLibraries$NativeLibraryImpl::find (6 bytes)
Event: 0.864 Thread 0x00000165fe952420 nmethod 1055 0x00000165ed070110 code [0x00000165ed0702a0, 0x00000165ed0703c8]
Event: 0.866 Thread 0x00000165fe952420 1056       3       java.lang.Character::toLowerCase (9 bytes)
Event: 0.867 Thread 0x00000165fe952420 nmethod 1056 0x00000165ed070490 code [0x00000165ed070640, 0x00000165ed070838]
Event: 0.872 Thread 0x00000165fe952420 1057       3       jdk.internal.jimage.ImageLocation::verifyName (161 bytes)
Event: 0.874 Thread 0x00000165fe952420 nmethod 1057 0x00000165ed070910 code [0x00000165ed070c40, 0x00000165ed072238]
Event: 0.874 Thread 0x00000165fe952420 1058       1       jdk.internal.loader.BuiltinClassLoader$LoadedModule::loader (5 bytes)
Event: 0.874 Thread 0x00000165fe952420 nmethod 1058 0x00000165f443e090 code [0x00000165f443e220, 0x00000165f443e2f8]
Event: 0.876 Thread 0x00000165fe952420 1059       3       sun.security.x509.X509CertImpl::getEncodedInternal (22 bytes)
Event: 0.876 Thread 0x00000165fe952420 nmethod 1059 0x00000165ed072b90 code [0x00000165ed072d40, 0x00000165ed072f08]
Event: 0.876 Thread 0x00000165fe952420 1060       3       sun.security.x509.X509CertImpl::getEncodedInternal (20 bytes)
Event: 0.877 Thread 0x00000165fe952420 nmethod 1060 0x00000165ed073010 code [0x00000165ed073220, 0x00000165ed073a08]
Event: 0.877 Thread 0x00000165fe952420 1061   !   3       java.security.cert.Certificate::equals (38 bytes)
Event: 0.878 Thread 0x00000165fe952420 nmethod 1061 0x00000165ed073c10 code [0x00000165ed073f20, 0x00000165ed075208]
Event: 0.878 Thread 0x00000165fe952420 1062       1       java.security.CodeSource::getLocationNoFragString (5 bytes)
Event: 0.878 Thread 0x00000165fe952420 nmethod 1062 0x00000165f443e390 code [0x00000165f443e520, 0x00000165f443e5f8]
Event: 0.878 Thread 0x00000165fe952420 1063       3       java.util.Locale::getDefault (4 bytes)
Event: 0.878 Thread 0x00000165fe952420 nmethod 1063 0x00000165ed075990 code [0x00000165ed075b20, 0x00000165ed075c18]

GC Heap History (0 events):
No events

Deoptimization events (20 events):
Event: 0.788 Thread 0x00000165ff7492b0 DEOPT PACKING pc=0x00000165ed0369fe sp=0x0000003548dfcc00
Event: 0.788 Thread 0x00000165ff7492b0 DEOPT UNPACKING pc=0x00000165ec972b43 sp=0x0000003548dfc058 mode 0
Event: 0.788 Thread 0x00000165ff7492b0 DEOPT PACKING pc=0x00000165ed0369fe sp=0x0000003548dfcc00
Event: 0.788 Thread 0x00000165ff7492b0 DEOPT UNPACKING pc=0x00000165ec972b43 sp=0x0000003548dfc058 mode 0
Event: 0.789 Thread 0x00000165ff7492b0 DEOPT PACKING pc=0x00000165ed0369fe sp=0x0000003548dfcc00
Event: 0.789 Thread 0x00000165ff7492b0 DEOPT UNPACKING pc=0x00000165ec972b43 sp=0x0000003548dfc058 mode 0
Event: 0.789 Thread 0x00000165ff7492b0 DEOPT PACKING pc=0x00000165ed0369fe sp=0x0000003548dfcc00
Event: 0.789 Thread 0x00000165ff7492b0 DEOPT UNPACKING pc=0x00000165ec972b43 sp=0x0000003548dfc058 mode 0
Event: 0.789 Thread 0x00000165ff7492b0 DEOPT PACKING pc=0x00000165ed036926 sp=0x0000003548dfcc00
Event: 0.789 Thread 0x00000165ff7492b0 DEOPT UNPACKING pc=0x00000165ec972b43 sp=0x0000003548dfc058 mode 0
Event: 0.790 Thread 0x00000165ff7492b0 DEOPT PACKING pc=0x00000165ed036926 sp=0x0000003548dfcc00
Event: 0.790 Thread 0x00000165ff7492b0 DEOPT UNPACKING pc=0x00000165ec972b43 sp=0x0000003548dfc058 mode 0
Event: 0.790 Thread 0x00000165ff7492b0 DEOPT PACKING pc=0x00000165ed036926 sp=0x0000003548dfcc00
Event: 0.790 Thread 0x00000165ff7492b0 DEOPT UNPACKING pc=0x00000165ec972b43 sp=0x0000003548dfc058 mode 0
Event: 0.790 Thread 0x00000165ff7492b0 DEOPT PACKING pc=0x00000165ed0369fe sp=0x0000003548dfcc00
Event: 0.790 Thread 0x00000165ff7492b0 DEOPT UNPACKING pc=0x00000165ec972b43 sp=0x0000003548dfc058 mode 0
Event: 0.806 Thread 0x00000165ff7492b0 DEOPT PACKING pc=0x00000165ed0369fe sp=0x0000003548dfcd00
Event: 0.806 Thread 0x00000165ff7492b0 DEOPT UNPACKING pc=0x00000165ec972b43 sp=0x0000003548dfc158 mode 0
Event: 0.837 Thread 0x00000165ff7492b0 DEOPT PACKING pc=0x00000165ecff2fac sp=0x0000003548dfe060
Event: 0.837 Thread 0x00000165ff7492b0 DEOPT UNPACKING pc=0x00000165ec972b43 sp=0x0000003548dfd510 mode 0

Classes unloaded (0 events):
No events

Classes redefined (0 events):
No events

Internal exceptions (20 events):
Event: 0.365 Thread 0x00000165e50bc550 Exception <a 'java/lang/ClassNotFoundException'{0x00000000891ab788}: EditorPane> (0x00000000891ab788) 
thrown [t:\workspace\open\src\hotspot\share\classfile\systemDictionary.cpp, line 256]
Event: 0.366 Thread 0x00000165e50bc550 Exception <a 'java/lang/ClassNotFoundException'{0x00000000891ac0e8}: ToolBar> (0x00000000891ac0e8) 
thrown [t:\workspace\open\src\hotspot\share\classfile\systemDictionary.cpp, line 256]
Event: 0.366 Thread 0x00000165e50bc550 Exception <a 'java/lang/ClassNotFoundException'{0x00000000891ac5e0}: ToolBar> (0x00000000891ac5e0) 
thrown [t:\workspace\open\src\hotspot\share\classfile\systemDictionary.cpp, line 256]
Event: 0.366 Thread 0x00000165e50bc550 Exception <a 'java/lang/ClassNotFoundException'{0x00000000891ac940}: Button> (0x00000000891ac940) 
thrown [t:\workspace\open\src\hotspot\share\classfile\systemDictionary.cpp, line 256]
Event: 0.366 Thread 0x00000165e50bc550 Exception <a 'java/lang/ClassNotFoundException'{0x00000000891ace08}: ToolBar> (0x00000000891ace08) 
thrown [t:\workspace\open\src\hotspot\share\classfile\systemDictionary.cpp, line 256]
Event: 0.366 Thread 0x00000165e50bc550 Exception <a 'java/lang/ClassNotFoundException'{0x00000000891ad178}: ToggleButton> (0x00000000891ad178) 
thrown [t:\workspace\open\src\hotspot\share\classfile\systemDictionary.cpp, line 256]
Event: 0.366 Thread 0x00000165e50bc550 Exception <a 'java/lang/ClassNotFoundException'{0x00000000891ad5b8}: javax/swing/JToolBarSeparator> (0x00000000891ad5b8) 
thrown [t:\workspace\open\src\hotspot\share\classfile\systemDictionary.cpp, line 256]
Event: 0.366 Thread 0x00000165e50bc550 Exception <a 'java/lang/ClassNotFoundException'{0x00000000891ad8c0}: ToolBarSeparator> (0x00000000891ad8c0) 
thrown [t:\workspace\open\src\hotspot\share\classfile\systemDictionary.cpp, line 256]
Event: 0.366 Thread 0x00000165e50bc550 Exception <a 'java/lang/ClassNotFoundException'{0x00000000891addd8}: ToolTip> (0x00000000891addd8) 
thrown [t:\workspace\open\src\hotspot\share\classfile\systemDictionary.cpp, line 256]
Event: 0.368 Thread 0x00000165e50bc550 Exception <a 'java/lang/ClassNotFoundException'{0x00000000891ae728}: Tree> (0x00000000891ae728) 
thrown [t:\workspace\open\src\hotspot\share\classfile\systemDictionary.cpp, line 256]
Event: 0.368 Thread 0x00000165e50bc550 Exception <a 'java/lang/ClassNotFoundException'{0x00000000891aec20}: Tree> (0x00000000891aec20) 
thrown [t:\workspace\open\src\hotspot\share\classfile\systemDictionary.cpp, line 256]
Event: 0.368 Thread 0x00000165e50bc550 Exception <a 'java/lang/ClassNotFoundException'{0x00000000891aef90}: javax/swing/JTreeCell> (0x00000000891aef90) 
thrown [t:\workspace\open\src\hotspot\share\classfile\systemDictionary.cpp, line 256]
Event: 0.368 Thread 0x00000165e50bc550 Exception <a 'java/lang/ClassNotFoundException'{0x00000000891af290}: TreeCell> (0x00000000891af290) 
thrown [t:\workspace\open\src\hotspot\share\classfile\systemDictionary.cpp, line 256]
Event: 0.368 Thread 0x00000165e50bc550 Exception <a 'java/lang/ClassNotFoundException'{0x00000000891af9a0}: RootPane> (0x00000000891af9a0) 
thrown [t:\workspace\open\src\hotspot\share\classfile\systemDictionary.cpp, line 256]
Event: 0.370 Thread 0x00000165e50bc550 Exception <a 'java/lang/ClassNotFoundException'{0x00000000891b27f0}: com/sun/swing/internal/plaf/metal/resources/spi/metalProvider> (0x00000000891b27f0) 
thrown [t:\workspace\open\src\hotspot\share\classfile\systemDictionary.cpp, line 256]
Event: 0.371 Thread 0x00000165e50bc550 Exception <a 'java/lang/ClassNotFoundException'{0x00000000891b63f0}: com/sun/swing/internal/plaf/basic/resources/spi/basicProvider> (0x00000000891b63f0) 
thrown [t:\workspace\open\src\hotspot\share\classfile\systemDictionary.cpp, line 256]
Event: 0.396 Thread 0x00000165ff7492b0 Exception <a 'java/lang/ClassNotFoundException'{0x0000000089057248}: com/sun/swing/internal/plaf/synth/resources/spi/synthProvider> (0x0000000089057248) 
thrown [t:\workspace\open\src\hotspot\share\classfile\systemDictionary.cpp, line 256]
Event: 0.504 Thread 0x00000165ff695440 Exception <a 'java/lang/NoSuchMethodError'{0x000000008920f740}: 'void java.lang.invoke.DirectMethodHandle$Holder.invokeVirtual(java.lang.Object, java.lang.Object)'> (0x000000008920f740) 
thrown [t:\workspace\open\src\hotspot\share\interpreter\linkResolver.cpp, line 766]
Event: 0.523 Thread 0x00000165ff7492b0 Exception <a 'java/lang/NoSuchMethodError'{0x0000000088f4efb0}: 'void java.lang.invoke.DirectMethodHandle$Holder.invokeStaticInit(java.lang.Object)'> (0x0000000088f4efb0) 
thrown [t:\workspace\open\src\hotspot\share\interpreter\linkResolver.cpp, line 766]
Event: 0.795 Thread 0x00000165ff7492b0 Exception <a 'java/lang/NoSuchMethodError'{0x0000000088cbcae8}: 'java.lang.Object java.lang.invoke.DirectMethodHandle$Holder.invokeInterface(java.lang.Object, java.lang.Object)'> (0x0000000088cbcae8) 
thrown [t:\workspace\open\src\hotspot\share\interpreter\linkResolver.cpp, line 766]

VM Operations (8 events):
Event: 0.090 Executing VM operation: HandshakeAllThreads
Event: 0.090 Executing VM operation: HandshakeAllThreads done
Event: 0.341 Executing VM operation: HandshakeAllThreads
Event: 0.341 Executing VM operation: HandshakeAllThreads done
Event: 0.449 Executing VM operation: HandshakeAllThreads
Event: 0.449 Executing VM operation: HandshakeAllThreads done
Event: 0.651 Executing VM operation: HandshakeAllThreads
Event: 0.651 Executing VM operation: HandshakeAllThreads done

Events (20 events):
Event: 0.862 loading class java/io/InputStreamReader
Event: 0.862 loading class java/io/InputStreamReader done
Event: 0.862 loading class sun/nio/cs/StreamDecoder
Event: 0.862 loading class sun/nio/cs/StreamDecoder done
Event: 0.862 loading class sun/nio/cs/UTF_8$Decoder
Event: 0.862 loading class sun/nio/cs/UTF_8$Decoder done
Event: 0.866 loading class java/lang/UnsupportedOperationException
Event: 0.866 loading class java/lang/UnsupportedOperationException done
Event: 0.866 loading class java/net/UnknownHostException
Event: 0.866 loading class java/net/UnknownHostException done
Event: 0.868 loading class java/util/concurrent/atomic/AtomicReferenceFieldUpdater
Event: 0.868 loading class java/util/concurrent/atomic/AtomicReferenceFieldUpdater done
Event: 0.868 loading class java/util/concurrent/atomic/AtomicReferenceFieldUpdater$AtomicReferenceFieldUpdaterImpl
Event: 0.869 loading class java/util/concurrent/atomic/AtomicReferenceFieldUpdater$AtomicReferenceFieldUpdaterImpl done
Event: 0.869 loading class java/util/concurrent/atomic/AtomicReferenceFieldUpdater$AtomicReferenceFieldUpdaterImpl$1
Event: 0.869 loading class java/util/concurrent/atomic/AtomicReferenceFieldUpdater$AtomicReferenceFieldUpdaterImpl$1 done
Event: 0.873 loading class java/lang/NumberFormatException
Event: 0.873 loading class java/lang/NumberFormatException done
Event: 0.874 loading class java/lang/InterruptedException
Event: 0.874 loading class java/lang/InterruptedException done


Dynamic libraries:
0x00007ff6aa100000 - 0x00007ff6aa110000 	C:\Program Files\Java\jdk-17.0.2\bin\java.exe
0x00007ff823bb0000 - 0x00007ff823da8000 	C:\WINDOWS\SYSTEM32\ntdll.dll
0x00007ff823970000 - 0x00007ff823a2d000 	C:\WINDOWS\System32\KERNEL32.DLL
0x00007ff8212d0000 - 0x00007ff82159e000 	C:\WINDOWS\System32\KERNELBASE.dll
0x00007ff8217e0000 - 0x00007ff8218e0000 	C:\WINDOWS\System32\ucrtbase.dll
0x00007ff817050000 - 0x00007ff81706a000 	C:\Program Files\Java\jdk-17.0.2\bin\VCRUNTIME140.dll
0x00007ff8106d0000 - 0x00007ff8106e8000 	C:\Program Files\Java\jdk-17.0.2\bin\jli.dll
0x00007ff822450000 - 0x00007ff8224fe000 	C:\WINDOWS\System32\ADVAPI32.dll
0x00007ff822d00000 - 0x00007ff822d9e000 	C:\WINDOWS\System32\msvcrt.dll
0x00007ff822500000 - 0x00007ff82259c000 	C:\WINDOWS\System32\sechost.dll
0x00007ff8222c0000 - 0x00007ff8223e5000 	C:\WINDOWS\System32\RPCRT4.dll
0x00007ff821ff0000 - 0x00007ff822190000 	C:\WINDOWS\System32\USER32.dll
0x00007ff821be0000 - 0x00007ff821c02000 	C:\WINDOWS\System32\win32u.dll
0x00007ff821e80000 - 0x00007ff821eaa000 	C:\WINDOWS\System32\GDI32.dll
0x00007ff8218e0000 - 0x00007ff8219eb000 	C:\WINDOWS\System32\gdi32full.dll
0x00007ff821650000 - 0x00007ff8216ed000 	C:\WINDOWS\System32\msvcp_win.dll
0x00007ff811060000 - 0x00007ff8112fa000 	C:\WINDOWS\WinSxS\amd64_microsoft.windows.common-controls_6595b64144ccf1df_6.0.19041.1110_none_60b5254171f9507e\COMCTL32.dll
0x00007ff80fdb0000 - 0x00007ff80fdba000 	C:\WINDOWS\SYSTEM32\VERSION.dll
0x00007ff822cd0000 - 0x00007ff822d00000 	C:\WINDOWS\System32\IMM32.DLL
0x00007ff8194f0000 - 0x00007ff8194fc000 	C:\Program Files\Java\jdk-17.0.2\bin\vcruntime140_1.dll
0x00007ffff9190000 - 0x00007ffff921d000 	C:\Program Files\Java\jdk-17.0.2\bin\msvcp140.dll
0x00007fffde270000 - 0x00007fffdee31000 	C:\Program Files\Java\jdk-17.0.2\bin\server\jvm.dll
0x00007ff821dd0000 - 0x00007ff821dd8000 	C:\WINDOWS\System32\PSAPI.DLL
0x00007ff81b040000 - 0x00007ff81b049000 	C:\WINDOWS\SYSTEM32\WSOCK32.dll
0x00007ff822c60000 - 0x00007ff822ccb000 	C:\WINDOWS\System32\WS2_32.dll
0x00007ff80deb0000 - 0x00007ff80ded7000 	C:\WINDOWS\SYSTEM32\WINMM.dll
0x00007ff81f1d0000 - 0x00007ff81f1e2000 	C:\WINDOWS\SYSTEM32\kernel.appcore.dll
0x00007ff817160000 - 0x00007ff81716a000 	C:\Program Files\Java\jdk-17.0.2\bin\jimage.dll
0x00007ff80da40000 - 0x00007ff80dc24000 	C:\WINDOWS\SYSTEM32\DBGHELP.DLL
0x00007ff80d780000 - 0x00007ff80d7ac000 	C:\WINDOWS\SYSTEM32\dbgcore.DLL
0x00007ff8219f0000 - 0x00007ff821a72000 	C:\WINDOWS\System32\bcryptPrimitives.dll
0x00007ff80d950000 - 0x00007ff80d975000 	C:\Program Files\Java\jdk-17.0.2\bin\java.dll
0x00007ffff54f0000 - 0x00007ffff55c6000 	C:\Program Files\Java\jdk-17.0.2\bin\jsvml.dll
0x00007ff823220000 - 0x00007ff823964000 	C:\WINDOWS\System32\SHELL32.dll
0x00007ff81f3d0000 - 0x00007ff81fb64000 	C:\WINDOWS\SYSTEM32\windows.storage.dll
0x00007ff822da0000 - 0x00007ff8230f4000 	C:\WINDOWS\System32\combase.dll
0x00007ff820d30000 - 0x00007ff820d60000 	C:\WINDOWS\SYSTEM32\Wldp.dll
0x00007ff823a30000 - 0x00007ff823add000 	C:\WINDOWS\System32\SHCORE.dll
0x00007ff8223f0000 - 0x00007ff822445000 	C:\WINDOWS\System32\shlwapi.dll
0x00007ff821210000 - 0x00007ff82122f000 	C:\WINDOWS\SYSTEM32\profapi.dll
0x00007ff80e7f0000 - 0x00007ff80e809000 	C:\Program Files\Java\jdk-17.0.2\bin\net.dll
0x00007ff815b20000 - 0x00007ff815c2a000 	C:\WINDOWS\SYSTEM32\WINHTTP.dll
0x00007ff820a90000 - 0x00007ff820afa000 	C:\WINDOWS\system32\mswsock.dll
0x00007ff80d8c0000 - 0x00007ff80d8d6000 	C:\Program Files\Java\jdk-17.0.2\bin\nio.dll
0x00007ff807070000 - 0x00007ff807088000 	C:\Program Files\Java\jdk-17.0.2\bin\zip.dll
0x00007fffe56a0000 - 0x00007fffe582f000 	C:\Program Files\Java\jdk-17.0.2\bin\awt.dll
0x00007ff822190000 - 0x00007ff82225d000 	C:\WINDOWS\System32\OLEAUT32.dll
0x00007ff81eb10000 - 0x00007ff81eba0000 	C:\WINDOWS\SYSTEM32\apphelp.dll
0x00007ff81ec50000 - 0x00007ff81ecee000 	C:\WINDOWS\system32\uxtheme.dll
0x00007ff823100000 - 0x00007ff823215000 	C:\WINDOWS\System32\MSCTF.dll
0x00007ff8225b0000 - 0x00007ff8226da000 	C:\WINDOWS\System32\ole32.dll
0x00007ff81eff0000 - 0x00007ff81f01f000 	C:\WINDOWS\system32\DWMAPI.DLL
0x00007ffff53b0000 - 0x00007ffff5439000 	C:\Program Files\Java\jdk-17.0.2\bin\freetype.dll
0x00007ffff3960000 - 0x00007ffff3a08000 	C:\Program Files\Java\jdk-17.0.2\bin\fontmanager.dll
0x00007fffe6b90000 - 0x00007fffe6cb7000 	C:\WINDOWS\system32\opengl32.dll
0x00007ff80dd80000 - 0x00007ff80ddac000 	C:\WINDOWS\SYSTEM32\GLU32.dll
0x00007ff8226e0000 - 0x00007ff822789000 	C:\WINDOWS\System32\clbcatq.dll
0x00007ff81a030000 - 0x00007ff81a1e4000 	C:\WINDOWS\SYSTEM32\WindowsCodecs.dll
0x00007ff8216f0000 - 0x00007ff821717000 	C:\WINDOWS\System32\bcrypt.dll
0x00007ffffb910000 - 0x00007ffffb94e000 	C:\WINDOWS\system32\dataexchange.dll
0x00007ff81e010000 - 0x00007ff81e1f4000 	C:\WINDOWS\system32\dcomp.dll
0x00007ff81d380000 - 0x00007ff81d5e3000 	C:\WINDOWS\system32\d3d11.dll
0x00007ff81fbd0000 - 0x00007ff81fcc3000 	C:\WINDOWS\system32\dxgi.dll
0x00007ff81ab60000 - 0x00007ff81ad60000 	C:\WINDOWS\system32\twinapi.appcore.dll

dbghelp: loaded successfully - version: 4.0.5 - missing functions: none
symbol engine: initialized successfully - sym options: 0x614 - pdb path: .;C:\Program Files\Java\jdk-17.0.2\bin;C:\WINDOWS\SYSTEM32;C:\WINDOWS\WinSxS\amd64_microsoft.windows.common-controls_6595b64144ccf1df_6.0.19041.1110_none_60b5254171f9507e;C:\Program Files\Java\jdk-17.0.2\bin\server

VM Arguments:
jvm_args: -Dfile.encoding=UTF-8 --module-path=D:\document\NetBeansProjects\SanPhamAgile\build\classes 
java_command: view.DangNhap
java_class_path (initial): D:\Java3\BTVN_Buoi8\lib\mssql-jdbc-7.2.2.jre8.jar;D:\document\NetBeansProjects\SanPhamAgile\build\classes
Launcher Type: SUN_STANDARD

[Global flags]
     intx CICompilerCount                          = 3                                         {product} {ergonomic}
     uint ConcGCThreads                            = 1                                         {product} {ergonomic}
     uint G1ConcRefinementThreads                  = 4                                         {product} {ergonomic}
   size_t G1HeapRegionSize                         = 1048576                                   {product} {ergonomic}
    uintx GCDrainStackTargetSize                   = 64                                        {product} {ergonomic}
   size_t InitialHeapSize                          = 134217728                                 {product} {ergonomic}
   size_t MarkStackSize                            = 4194304                                   {product} {ergonomic}
   size_t MaxHeapSize                              = 2124414976                                {product} {ergonomic}
   size_t MaxNewSize                               = 1274019840                                {product} {ergonomic}
   size_t MinHeapDeltaBytes                        = 1048576                                   {product} {ergonomic}
   size_t MinHeapSize                              = 8388608                                   {product} {ergonomic}
    uintx NonNMethodCodeHeapSize                   = 5832780                                {pd product} {ergonomic}
    uintx NonProfiledCodeHeapSize                  = 122912730                              {pd product} {ergonomic}
    uintx ProfiledCodeHeapSize                     = 122912730                              {pd product} {ergonomic}
    uintx ReservedCodeCacheSize                    = 251658240                              {pd product} {ergonomic}
     bool SegmentedCodeCache                       = true                                      {product} {ergonomic}
   size_t SoftMaxHeapSize                          = 2124414976                             {manageable} {ergonomic}
     bool UseCompressedClassPointers               = true                           {product lp64_product} {ergonomic}
     bool UseCompressedOops                        = true                           {product lp64_product} {ergonomic}
     bool UseG1GC                                  = true                                      {product} {ergonomic}
     bool UseLargePagesIndividualAllocation        = false                                  {pd product} {ergonomic}

Logging:
Log output configuration:
 #0: stdout all=warning uptime,level,tags
 #1: stderr all=off uptime,level,tags

Environment Variables:
PATH=C:\Program Files\Common Files\Oracle\Java\javapath;C:\WINDOWS\system32;C:\WINDOWS;C:\WINDOWS\System32\Wbem;C:\WINDOWS\System32\WindowsPowerShell\v1.0\;C:\WINDOWS\System32\OpenSSH\;C:\Program Files\Microsoft SQL Server\Client SDK\ODBC\170\Tools\Binn\;C:\Program Files (x86)\Microsoft SQL Server\150\Tools\Binn\;C:\Program Files\Microsoft SQL Server\150\Tools\Binn\;C:\Program Files\Microsoft SQL Server\150\DTS\Binn\;C:\Program Files (x86)\Microsoft SQL Server\150\DTS\Binn\;C:\Program Files (x86)\VietPN;D:\tool web\Scripts\;D:\tool web\;C:\Users\Admin\AppData\Local\Programs\Python\Launcher\;C:\Users\Admin\AppData\Local\Microsoft\WindowsApps;;C:\Program Files\Azure Data Studio\bin;C:\Program Files\Azure Data Studio\bin;C:\Users\Admin\AppData\Local\Programs\Microsoft VS Code\bin;C:\Program Files\Azure Data Studio\bin
USERNAME=Admin
OS=Windows_NT
PROCESSOR_IDENTIFIER=Intel64 Family 6 Model 69 Stepping 1, GenuineIntel



---------------  S Y S T E M  ---------------

OS:
 Windows 10 , 64 bit Build 19041 (10.0.19041.1806)
OS uptime: 1 days 15:46 hours

CPU: total 4 (initial active 4) (2 cores per cpu, 2 threads per core) family 6 model 69 stepping 1 microcode 0x25, cx8, cmov, fxsr, ht, mmx, sse, sse2, sse3, ssse3, sse4.1, sse4.2, popcnt, lzcnt, tsc, tscinvbit, avx, avx2, aes, erms, clmul, bmi1, bmi2, fma, vzeroupper, clflush

Memory: 4k page, system-wide physical 8097M (5209M free)
TotalPageFile size 9292M (AvailPageFile size 4M)
current process WorkingSet (physical memory assigned to process): 73M, peak: 73M
current process commit charge ("private bytes"): 226M, peak: 226M

vm_info: Java HotSpot(TM) 64-Bit Server VM (17.0.2+8-LTS-86) for windows-amd64 JRE (17.0.2+8-LTS-86), built on Dec  7 2021 21:51:03 by "mach5one" with MS VC++ 16.8 / 16.9 (VS2019)

END.
